Added Component: Designator=Programming(SW_PTS636_SM43J_SMTR_LFS)
Add component (AddParameter): Name = "Availability"; Value = "Unavailable"; VariantName = "[No Variations]"
Add component (AddParameter): Name = "MF"; Value = ""; VariantName = "[No Variations]"
Add component (AddParameter): Name = "MP"; Value = "PTS636_SM43J_SMTR_LFS"; VariantName = "[No Variations]"
Add component (AddParameter): Name = "Package"; Value = "None"; VariantName = "[No Variations]"
Add component (AddParameter): Name = "Price"; Value = "None"; VariantName = "[No Variations]"
Add component (AddParameter): Name = "Value"; Value = ""; VariantName = "[No Variations]"
Added Component: Designator=Rsest(SW_PTS636_SM43J_SMTR_LFS)
Add component (AddParameter): Name = "Availability"; Value = "Unavailable"; VariantName = "[No Variations]"
Add component (AddParameter): Name = "MF"; Value = ""; VariantName = "[No Variations]"
Add component (AddParameter): Name = "MP"; Value = "PTS636_SM43J_SMTR_LFS"; VariantName = "[No Variations]"
Add component (AddParameter): Name = "Package"; Value = "None"; VariantName = "[No Variations]"
Add component (AddParameter): Name = "Price"; Value = "None"; VariantName = "[No Variations]"
Add component (AddParameter): Name = "Value"; Value = ""; VariantName = "[No Variations]"
Added Pin To Net: NetName=GND Pin=Programming-1
Added Pin To Net: NetName=NetESP12F_18 Pin=Programming-2
Added Pin To Net: NetName=NetESP12F_1 Pin=Rsest-1
Added Pin To Net: NetName=GND Pin=Rsest-2
Added Member To Class: ClassName=Sheet3 Member=Component Programming PTS636_SM43J_SMTR_LFS
Added Member To Class: ClassName=Sheet3 Member=Component Rsest PTS636_SM43J_SMTR_LFS
