Removed Pin From Net: NetName=GND Pin=OLED-1
Removed Pin From Net: NetName=3.3V Pin=OLED-2
Removed Pin From Net: NetName=A1 Pin=OLED-3
Removed Pin From Net: NetName=A2 Pin=OLED-4
Removed Member From Class: ClassName=Sheet3 Member=OLED
Change Component Designator: OldDesignator=ESP12F NewDesignator=Con1
Added Component: Designator=SIM800L(SMTC-TSW-106-08-X-S-RA)
Add component (AddParameter): Name = "ComponentLink1Description"; Value = "Manufacturer URL"; VariantName = "[No Variations]"
Add component (AddParameter): Name = "ComponentLink1URL"; Value = "http://www.samtec.com"; VariantName = "[No Variations]"
Add component (AddParameter): Name = "ComponentLink2Description"; Value = "Datasheet"; VariantName = "[No Variations]"
Add component (AddParameter): Name = "ComponentLink2URL"; Value = "http://www.samtec.com/documents/webfiles/pdf/TSW_TH.PDF"; VariantName = "[No Variations]"
Add component (AddParameter): Name = "ComponentLink3Description"; Value = "Package Specification"; VariantName = "[No Variations]"
Add component (AddParameter): Name = "ComponentLink3URL"; Value = "http://www.samtec.com/documents/webfiles/cpdf/TSW-XXX-XX-XXX-X-XX-XXX-MKT.pdf"; VariantName = "[No Variations]"
Add component (AddParameter): Name = "DatasheetVersion"; Value = "F-214"; VariantName = "[No Variations]"
Add component (AddParameter): Name = "Manufacturer"; Value = "Samtec"; VariantName = "[No Variations]"
Add component (AddParameter): Name = "Mounting Technology"; Value = "Through-hole"; VariantName = "[No Variations]"
Add component (AddParameter): Name = "Orientation"; Value = "Right Angle"; VariantName = "[No Variations]"
Add component (AddParameter): Name = "PackageDescription"; Value = ".025[0.64] SQ. Post Terminal Strip Assembly"; VariantName = "[No Variations]"
Add component (AddParameter): Name = "PackageReference"; Value = "TSW-106-08-X-S-RA"; VariantName = "[No Variations]"
Add component (AddParameter): Name = "PackageVersion"; Value = "DM, 8/1988"; VariantName = "[No Variations]"
Add component (AddParameter): Name = "PartNumber"; Value = "TSW-106-08-L-S-RA"; VariantName = "[No Variations]"
Add component (AddParameter): Name = "Pitch"; Value = "2.54 mm"; VariantName = "[No Variations]"
Add component (AddParameter): Name = "RoHS"; Value = "True"; VariantName = "[No Variations]"
Add component (AddParameter): Name = "Temperature Range"; Value = "-55 to 125 degC"; VariantName = "[No Variations]"
Added Pin To Net: NetName=3.7V Pin=SIM800L-2
Added Pin To Net: NetName=GND Pin=SIM800L-6
Added Pin To Net: NetName=RX Pin=ESP12F-21
Added Pin To Net: NetName=RX Pin=SIM800L-4
Added Net: Name=RX
Added Pin To Net: NetName=TX Pin=ESP12F-22
Added Pin To Net: NetName=TX Pin=SIM800L-5
Added Net: Name=TX
Added Member To Class: ClassName=Sheet3 Member=Component Con1 61300211121
Added Member To Class: ClassName=Sheet3 Member=Component R2 10k
Added Member To Class: ClassName=Sheet3 Member=Component SIM800L TSW-106-08-L-S-RA
